app/build/outputs/mapping/release/seeds.txt
com.example.manuelalejandro.ejemplo1.HumedadActivity
com.example.manuelalejandro.ejemplo1.HumedadActivity: HumedadActivity()
com.example.manuelalejandro.ejemplo1.MagnometroActivity
com.example.manuelalejandro.ejemplo1.MagnometroActivity: MagnometroActivity()
com.example.manuelalejandro.ejemplo1.MainActivity
com.example.manuelalejandro.ejemplo1.MainActivity: MainActivity()
com.example.manuelalejandro.ejemplo1.MainActivity: void proximidad(android.view.View)
com.example.manuelalejandro.ejemplo1.MainActivity: void magnometro(android.view.View)
com.example.manuelalejandro.ejemplo1.MainActivity: void humedad(android.view.View)
com.example.manuelalejandro.ejemplo1.ProximidadActivity
com.example.manuelalejandro.ejemplo1.ProximidadActivity: ProximidadActivity()
com.example.manuelalejandro.ejemplo1.R$anim: int abc_fade_in
com.example.manuelalejandro.ejemplo1.R$anim: int abc_fade_out
com.example.manuelalejandro.ejemplo1.R$anim: int abc_grow_fade_in_from_bottom
com.example.manuelalejandro.ejemplo1.R$anim: int abc_popup_enter
com.example.manuelalejandro.ejemplo1.R$anim: int abc_popup_exit
com.example.manuelalejandro.ejemplo1.R$anim: int abc_shrink_fade_out_from_bottom
com.example.manuelalejandro.ejemplo1.R$anim: int abc_slide_in_bottom
com.example.manuelalejandro.ejemplo1.R$anim: int abc_slide_in_top
com.example.manuelalejandro.ejemplo1.R$anim: int abc_slide_out_bottom
com.example.manuelalejandro.ejemplo1.R$anim: int abc_slide_out_top
com.example.manuelalejandro.ejemplo1.R$anim: int design_fab_in
com.example.manuelalejandro.ejemplo1.R$anim: int design_fab_out
com.example.manuelalejandro.ejemplo1.R$anim: int design_snackbar_in
com.example.manuelalejandro.ejemplo1.R$anim: int design_snackbar_out
com.example.manuelalejandro.ejemplo1.R$attr: int actionBarDivider
com.example.manuelalejandro.ejemplo1.R$attr: int actionBarItemBackground
com.example.manuelalejandro.ejemplo1.R$attr: int actionBarPopupTheme
com.example.manuelalejandro.ejemplo1.R$attr: int actionBarSize
com.example.manuelalejandro.ejemplo1.R$attr: int actionBarSplitStyle
com.example.manuelalejandro.ejemplo1.R$attr: int actionBarStyle
com.example.manuelalejandro.ejemplo1.R$attr: int actionBarTabBarStyle
com.example.manuelalejandro.ejemplo1.R$attr: int actionBarTabStyle
com.example.manuelalejandro.ejemplo1.R$attr: int actionBarTabTextStyle
com.example.manuelalejandro.ejemplo1.R$attr: int actionBarTheme
com.example.manuelalejandro.ejemplo1.R$attr: int actionBarWidgetTheme
com.example.manuelalejandro.ejemplo1.R$attr: int actionButtonStyle
com.example.manuelalejandro.ejemplo1.R$attr: int actionDropDownStyle
com.example.manuelalejandro.ejemplo1.R$attr: int actionLayout
com.example.manuelalejandro.ejemplo1.R$attr: int actionMenuTextAppearance
com.example.manuelalejandro.ejemplo1.R$attr: int actionMenuTextColor
com.example.manuelalejandro.ejemplo1.R$attr: int actionModeBackground
com.example.manuelalejandro.ejemplo1.R$attr: int actionModeCloseButtonStyle
com.example.manuelalejandro.ejemplo1.R$attr: int actionModeCloseDrawable
com.example.manuelalejandro.ejemplo1.R$attr: int actionModeCopyDrawable
com.example.manuelalejandro.ejemplo1.R$attr: int actionModeCutDrawable
com.example.manuelalejandro.ejemplo1.R$bool: int abc_action_bar_embed_tabs
com.example.manuelalejandro.ejemplo1.R$bool: int abc_action_bar_embed_tabs_pre_jb
com.example.manuelalejandro.ejemplo1.R$bool: int abc_action_bar_expanded_action_views_exclusive
com.example.manuelalejandro.ejemplo1.R$bool: int abc_allow_stacked_button_bar
com.example.manuelalejandro.ejemplo1.R$bool: int abc_config_actionMenuItemAllCaps
com.example.manuelalejandro.ejemplo1.R$bool: int abc_config_allowActionMenuItemTextWithIcon
com.example.manuelalejandro.ejemplo1.R$bool: int abc_config_closeDialogWhenTouchOutside
com.example.manuelalejandro.ejemplo1.R$bool: int abc_config_showMenuShortcutsWhenKeyboardPresent
...
android.support.v7.app.AppCompatDelegateImplV7$PanelFeatureState$SavedState: android.os.Parcelable$Creator CREATOR
android.support.v7.appcompat.R$anim: int abc_fade_in
android.support.v7.appcompat.R$anim: int abc_fade_out
android.support.v7.appcompat.R$anim: int abc_grow_fade_in_from_bottom
android.support.v7.appcompat.R$anim: int abc_popup_enter
android.support.v7.appcompat.R$anim: int abc_popup_exit
android.support.v7.appcompat.R$anim: int abc_shrink_fade_out_from_bottom
android.support.v7.appcompat.R$anim: int abc_slide_in_bottom
android.support.v7.appcompat.R$anim: int abc_slide_in_top
android.support.v7.appcompat.R$anim: int abc_slide_out_bottom
android.support.v7.appcompat.R$anim: int abc_slide_out_top
android.support.v7.appcompat.R$attr: int actionBarDivider
android.support.v7.appcompat.R$attr: int actionBarItemBackground
android.support.v7.appcompat.R$attr: int actionBarPopupTheme
android.support.v7.appcompat.R$attr: int actionBarSize
android.support.v7.appcompat.R$attr: int actionBarSplitStyle
android.support.v7.appcompat.R$attr: int actionBarStyle
android.support.v7.appcompat.R$attr: int actionBarTabBarStyle
android.support.v7.appcompat.R$attr: int actionBarTabStyle
android.support.v7.appcompat.R$attr: int actionBarTabTextStyle
android.support.v7.appcompat.R$attr: int actionBarTheme
android.support.v7.appcompat.R$attr: int actionBarWidgetTheme
android.support.v7.appcompat.R$attr: int actionButtonStyle
android.support.v7.appcompat.R$attr: int actionDropDownStyle
android.support.v7.appcompat.R$attr: int actionLayout
android.support.v7.appcompat.R$attr: int actionMenuTextAppearance
android.support.v7.appcompat.R$attr: int actionMenuTextColor
android.support.v7.appcompat.R$attr: int actionModeBackground
android.support.v7.appcompat.R$attr: int actionModeCloseButtonStyle
android.support.v7.appcompat.R$attr: int actionModeCloseDrawable
android.support.v7.appcompat.R$attr: int actionModeCopyDrawable
android.support.v7.appcompat.R$attr: int actionModeCutDrawable
android.support.v7.appcompat.R$attr: int actionModeFindDrawable
android.support.v7.appcompat.R$attr: int actionModePasteDrawable
android.support.v7.appcompat.R$attr: int actionModePopupWindowStyle
android.support.v7.appcompat.R$bool: int abc_action_bar_embed_tabs
android.support.v7.appcompat.R$bool: int abc_action_bar_embed_tabs_pre_jb
android.support.v7.appcompat.R$bool: int abc_action_bar_expanded_action_views_exclusive
android.support.v7.appcompat.R$bool: int abc_allow_stacked_button_bar
android.support.v7.appcompat.R$bool: int abc_config_actionMenuItemAllCaps
android.support.v7.appcompat.R$bool: int abc_config_allowActionMenuItemTextWithIcon
android.support.v7.appcompat.R$bool: int abc_config_closeDialogWhenTouchOutside
android.support.v7.appcompat.R$bool: int abc_config_showMenuShortcutsWhenKeyboardPresent