app/build/outputs/mapping/release/mapping.txt
com.example.manuelalejandro.ejemplo1.HumedadActivity -> com.example.manuelalejandro.ejemplo1.HumedadActivity:
    android.widget.LinearLayout fondo -> a
    android.widget.TextView texto -> b
    android.hardware.Sensor s -> c
    android.hardware.SensorManager sensorM -> d
    java.util.List sensores -> e
    void <init>() -> <init>
    void onCreate(android.os.Bundle) -> onCreate
    void onSensorChanged(android.hardware.SensorEvent) -> onSensorChanged
    void onAccuracyChanged(android.hardware.Sensor,int) -> onAccuracyChanged
com.example.manuelalejandro.ejemplo1.MagnometroActivity -> com.example.manuelalejandro.ejemplo1.MagnometroActivity:
    android.widget.TextView magneticView -> a
    android.hardware.Sensor s -> b
    android.hardware.SensorManager sensorM -> c
    java.util.List sensores -> d
    void <init>() -> <init>
    void onCreate(android.os.Bundle) -> onCreate
    void onSensorChanged(android.hardware.SensorEvent) -> onSensorChanged
    void onAccuracyChanged(android.hardware.Sensor,int) -> onAccuracyChanged
com.example.manuelalejandro.ejemplo1.MainActivity -> com.example.manuelalejandro.ejemplo1.MainActivity:
    android.widget.Button botonProximidad -> i
    android.widget.Button botonMagnetico -> j
    android.widget.Button botonHumedad -> k
    void <init>() -> <init>
    void onCreate(android.os.Bundle) -> onCreate
    boolean onCreateOptionsMenu(android.view.Menu) -> onCreateOptionsMenu
    boolean onOptionsItemSelected(android.view.MenuItem) -> onOptionsItemSelected
    void proximidad(android.view.View) -> proximidad
    void magnometro(android.view.View) -> magnometro
    void humedad(android.view.View) -> humedad
com.example.manuelalejandro.ejemplo1.MainActivity$1 -> com.example.manuelalejandro.ejemplo1.a:
    com.example.manuelalejandro.ejemplo1.MainActivity this$0 -> a
    void <init>(com.example.manuelalejandro.ejemplo1.MainActivity) -> <init>
    void onClick(android.view.View) -> onClick
com.example.manuelalejandro.ejemplo1.MainActivity$2 -> com.example.manuelalejandro.ejemplo1.b:
    com.example.manuelalejandro.ejemplo1.MainActivity this$0 -> a
    void <init>(com.example.manuelalejandro.ejemplo1.MainActivity) -> <init>
    void onClick(android.view.View) -> onClick
com.example.manuelalejandro.ejemplo1.MainActivity$3 -> com.example.manuelalejandro.ejemplo1.c:
    com.example.manuelalejandro.ejemplo1.MainActivity this$0 -> a
    void <init>(com.example.manuelalejandro.ejemplo1.MainActivity) -> <init>
    void onClick(android.view.View) -> onClick
com.example.manuelalejandro.ejemplo1.ProximidadActivity -> com.example.manuelalejandro.ejemplo1.ProximidadActivity:
    android.widget.LinearLayout fondo -> a
    android.widget.TextView texto -> b
    android.hardware.Sensor s -> c
    android.hardware.SensorManager sensorM -> d
    java.util.List sensores -> e
    void <init>() -> <init>
    void onCreate(android.os.Bundle) -> onCreate
    void onSensorChanged(android.hardware.SensorEvent) -> onSensorChanged
    void onAccuracyChanged(android.hardware.Sensor,int) -> onAccuracyChanged
...
android.support.v7.widget.AdapterHelper -> android.support.v7.widget.p:
    android.support.v4.util.Pools$Pool mUpdateOpPool -> g
    java.util.ArrayList mPendingUpdates -> a
    java.util.ArrayList mPostponedList -> b
    android.support.v7.widget.AdapterHelper$Callback mCallback -> c
    java.lang.Runnable mOnItemProcessedCallback -> d
    boolean mDisableRecycler -> e
    android.support.v7.widget.OpReorderer mOpReorderer -> f
    int mExistingUpdateTypes -> h
    void <init>(android.support.v7.widget.AdapterHelper$Callback) -> <init>
    void <init>(android.support.v7.widget.AdapterHelper$Callback,boolean) -> <init>
    void reset() -> a
    void preProcess() -> b
    void consumePostponedUpdates() -> c
    void applyMove(android.support.v7.widget.AdapterHelper$UpdateOp) -> b
    void applyRemove(android.support.v7.widget.AdapterHelper$UpdateOp) -> c
    void applyUpdate(android.support.v7.widget.AdapterHelper$UpdateOp) -> d
    void dispatchAndUpdateViewHolders(android.support.v7.widget.AdapterHelper$UpdateOp) -> e
    void dispatchFirstPassAndUpdateViewHolders(android.support.v7.widget.AdapterHelper$UpdateOp,int) -> a
    int updatePositionWithPostponed(int,int) -> b
    boolean canFindInPreLayout(int) -> c
    void applyAdd(android.support.v7.widget.AdapterHelper$UpdateOp) -> f
    void postponeAndUpdateViewHolders(android.support.v7.widget.AdapterHelper$UpdateOp) -> g
    boolean hasPendingUpdates() -> d
    boolean hasAnyUpdateTypes(int) -> a
android.support.v7.widget.AdapterHelper$Callback -> android.support.v7.widget.q:
    android.support.v7.widget.RecyclerView$ViewHolder findViewHolder(int) -> a
    void offsetPositionsForRemovingInvisible(int,int) -> a
    void offsetPositionsForRemovingLaidOutOrNewView(int,int) -> b
    void markViewHoldersUpdated(int,int,java.lang.Object) -> a
    void onDispatchFirstPass(android.support.v7.widget.AdapterHelper$UpdateOp) -> a
    void onDispatchSecondPass(android.support.v7.widget.AdapterHelper$UpdateOp) -> b
    void offsetPositionsForAdd(int,int) -> c
    void offsetPositionsForMove(int,int) -> d
android.support.v7.widget.AdapterHelper$UpdateOp -> android.support.v7.widget.r:
    int cmd -> a
    int positionStart -> b
    java.lang.Object payload -> c
    int itemCount -> d
    void <init>(int,int,int,java.lang.Object) -> <init>
    java.lang.String cmdToString() -> a
    java.lang.String toString() -> toString
    boolean equals(java.lang.Object) -> equals
    int hashCode() -> hashCode
android.support.v7.widget.AppCompatAutoCompleteTextView -> android.support.v7.widget.s:
    int[] TINT_ATTRS -> a
    android.support.v7.internal.widget.TintManager mTintManager -> b
    android.support.v7.widget.AppCompatBackgroundHelper mBackgroundTintHelper -> c
    android.support.v7.widget.AppCompatTextHelper mTextHelper -> d
    void <init>(android.content.Context) -> <init>
    void <init>(android.content.Context,android.util.AttributeSet) -> <init>
    void <init>(android.content.Context,android.util.AttributeSet,int) -> <init>
    void setDropDownBackgroundResource(int) -> setDropDownBackgroundResource
    void setBackgroundResource(int) -> setBackgroundResource
    void setBackgroundDrawable(android.graphics.drawable.Drawable) -> setBackgroundDrawable
    void setSupportBackgroundTintList(android.content.res.ColorStateList) -> setSupportBackgroundTintList
    android.content.res.ColorStateList getSupportBackgroundTintList() -> getSupportBackgroundTintList
    void setSupportBackgroundTintMode(android.graphics.PorterDuff$Mode) -> setSupportBackgroundTintMode
    android.graphics.PorterDuff$Mode getSupportBackgroundTintMode() -> getSupportBackgroundTintMode
    void drawableStateChanged() -> drawableStateChanged
    void setTextAppearance(android.content.Context,int) -> setTextAppearance
    void <clinit>() -> <clinit>