app/build/outputs/mapping/release/usage.txt
com.example.manuelalejandro.ejemplo1.BuildConfig
com.example.manuelalejandro.ejemplo1.R
com.example.manuelalejandro.ejemplo1.R$anim
com.example.manuelalejandro.ejemplo1.R$attr
com.example.manuelalejandro.ejemplo1.R$bool
com.example.manuelalejandro.ejemplo1.R$color
com.example.manuelalejandro.ejemplo1.R$dimen
com.example.manuelalejandro.ejemplo1.R$drawable
com.example.manuelalejandro.ejemplo1.R$id
com.example.manuelalejandro.ejemplo1.R$integer
com.example.manuelalejandro.ejemplo1.R$layout
com.example.manuelalejandro.ejemplo1.R$menu
com.example.manuelalejandro.ejemplo1.R$mipmap
com.example.manuelalejandro.ejemplo1.R$string
com.example.manuelalejandro.ejemplo1.R$style
com.example.manuelalejandro.ejemplo1.R$styleable
...
android.support.v4.media.MediaBrowserCompat$MediaBrowserImplBase$5
android.support.v4.media.MediaBrowserCompat$MediaBrowserImplBase$6
android.support.v4.media.MediaBrowserCompat$MediaBrowserImplBase$7
android.support.v4.media.MediaBrowserCompat$MediaBrowserImplBase$MediaServiceConnection
android.support.v4.media.MediaBrowserCompat$MediaBrowserImplBase$ServiceCallbacks
android.support.v4.media.MediaBrowserCompat$MediaBrowserImplBase$Subscription
android.support.v4.media.MediaBrowserCompat$MediaItem
android.support.v4.media.MediaBrowserCompat$MediaItem$1
android.support.v4.media.MediaBrowserCompat$MediaItem$Flags
android.support.v4.media.MediaBrowserCompat$SubscriptionCallback
android.support.v4.media.MediaBrowserServiceCompat
android.support.v4.media.MediaBrowserServiceCompat$1
android.support.v4.media.MediaBrowserServiceCompat$2
android.support.v4.media.MediaBrowserServiceCompat$3
android.support.v4.media.MediaBrowserServiceCompat$4
android.support.v4.media.MediaBrowserServiceCompat$BrowserRoot
android.support.v4.media.MediaBrowserServiceCompat$ConnectionRecord
android.support.v4.media.MediaBrowserServiceCompat$Result
android.support.v4.media.MediaBrowserServiceCompat$ServiceBinder
android.support.v4.media.MediaBrowserServiceCompat$ServiceBinder$1
android.support.v4.media.MediaBrowserServiceCompat$ServiceBinder$2
android.support.v4.media.MediaBrowserServiceCompat$ServiceBinder$3
android.support.v4.media.MediaBrowserServiceCompat$ServiceBinder$4
android.support.v4.media.MediaBrowserServiceCompat$ServiceBinder$5
android.support.v4.media.MediaDescriptionCompat
android.support.v4.media.MediaDescriptionCompat$1
android.support.v4.media.MediaDescriptionCompat$Builder
android.support.v4.media.MediaDescriptionCompatApi21
android.support.v4.media.MediaDescriptionCompatApi21$Builder
android.support.v4.media.MediaDescriptionCompatApi23
android.support.v4.media.MediaDescriptionCompatApi23$Builder
android.support.v4.media.MediaMetadataCompat
android.support.v4.media.MediaMetadataCompat$1
android.support.v4.media.MediaMetadataCompat$BitmapKey
android.support.v4.media.MediaMetadataCompat$Builder
android.support.v4.media.MediaMetadataCompat$LongKey
android.support.v4.media.MediaMetadataCompat$RatingKey
android.support.v4.media.MediaMetadataCompat$TextKey
android.support.v4.media.MediaMetadataCompatApi21
android.support.v4.media.MediaMetadataCompatApi21$Builder
android.support.v4.media.RatingCompat
android.support.v4.media.RatingCompat$1
android.support.v4.media.RatingCompat$StarStyle
android.support.v4.media.RatingCompat$Style
android.support.v4.media.RatingCompatApi21
android.support.v4.media.TransportController
android.support.v4.media.TransportMediator
android.support.v4.media.TransportMediator$1
android.support.v4.media.TransportMediator$2
android.support.v4.media.TransportMediatorCallback
android.support.v4.media.TransportMediatorJellybeanMR2
android.support.v4.media.TransportMediatorJellybeanMR2$1
android.support.v4.media.TransportMediatorJellybeanMR2$2
android.support.v4.media.TransportMediatorJellybeanMR2$3
android.support.v4.media.TransportMediatorJellybeanMR2$4
android.support.v4.media.TransportMediatorJellybeanMR2$5
android.support.v4.media.TransportMediatorJellybeanMR2$6
android.support.v4.media.TransportPerformer
android.support.v4.media.TransportStateListener
android.support.v4.media.VolumeProviderCompat
android.support.v4.media.VolumeProviderCompat$1
android.support.v4.media.VolumeProviderCompat$Callback
android.support.v4.media.VolumeProviderCompat$ControlType
android.support.v4.media.VolumeProviderCompatApi21
android.support.v4.media.VolumeProviderCompatApi21$1
android.support.v4.media.VolumeProviderCompatApi21$Delegate
android.support.v4.media.routing.MediaRouterJellybean
android.support.v4.media.routing.MediaRouterJellybean$Callback
android.support.v4.media.routing.MediaRouterJellybean$CallbackProxy
android.support.v4.media.routing.MediaRouterJellybean$GetDefaultRouteWorkaround